[17:42:19] [ServerMain/INFO]: Environment: authHost='https://authserver.mojang.com', accountsHost='https://api.mojang.com', sessionHost='https://sessionserver.mojang.com', servicesHost='https://api.minecraftservices.com', name='PROD'
[17:42:20] [ServerMain/WARN]: Ambiguity between arguments [teleport, location] and [teleport, destination] with inputs: [0.1 -0.5 .9, 0 0 0]
[17:42:20] [ServerMain/WARN]: Ambiguity between arguments [teleport, location] and [teleport, targets] with inputs: [0.1 -0.5 .9, 0 0 0]
[17:42:20] [ServerMain/WARN]: Ambiguity between arguments [teleport, destination] and [teleport, targets] with inputs: [Player, 0123, @e, dd12be42-52a9-4a91-a8a1-11c01849e498]
[17:42:20] [ServerMain/WARN]: Ambiguity between arguments [teleport, targets] and [teleport, destination] with inputs: [Player, 0123, dd12be42-52a9-4a91-a8a1-11c01849e498]
[17:42:20] [ServerMain/WARN]: Ambiguity between arguments [teleport, targets, location] and [teleport, targets, destination] with inputs: [0.1 -0.5 .9, 0 0 0]
[17:42:20] [ServerMain/INFO]: Reloading ResourceManager: Default
[17:42:22] [Worker-Main-2/INFO]: Loaded 7 recipes
[17:42:23] [Worker-Main-2/INFO]: Loaded 1141 advancements
[17:42:28] [Server thread/INFO]: Starting minecraft server version 1.18
[17:42:28] [Server thread/INFO]: Loading properties
[17:42:28] [Server thread/INFO]: Default game type: SURVIVAL
[17:42:28] [Server thread/INFO]: Generating keypair
[17:42:28] [Server thread/INFO]: Starting Minecraft server on *:25565
[17:42:28] [Server thread/INFO]: Using epoll channel type
[17:42:29] [Server thread/INFO]: Preparing level "world"
[17:42:29] [Server thread/INFO]: Preparing start region for dimension minecraft:overworld
[17:42:32] [Worker-Main-2/INFO]: Preparing spawn area: 0%
[17:42:33] [Worker-Main-2/INFO]: Preparing spawn area: 0%
[17:42:33] [Worker-Main-2/INFO]: Preparing spawn area: 0%
[17:42:33] [Worker-Main-2/INFO]: Preparing spawn area: 0%
[17:42:33] [Worker-Main-2/INFO]: Preparing spawn area: 0%
[17:42:33] [Worker-Main-2/INFO]: Preparing spawn area: 0%
[17:42:33] [Worker-Main-2/INFO]: Preparing spawn area: 0%
[17:42:33] [Worker-Main-2/INFO]: Preparing spawn area: 0%
[17:42:33] [Worker-Main-2/INFO]: Preparing spawn area: 0%
[17:42:33] [Worker-Main-2/INFO]: Preparing spawn area: 0%
[17:42:34] [Worker-Main-2/INFO]: Preparing spawn area: 0%
[17:42:34] [Worker-Main-2/INFO]: Preparing spawn area: 0%
[17:42:35] [Worker-Main-2/INFO]: Preparing spawn area: 0%
[17:42:35] [Worker-Main-2/INFO]: Preparing spawn area: 0%
[17:42:36] [Worker-Main-2/INFO]: Preparing spawn area: 0%
[17:42:36] [Worker-Main-2/INFO]: Preparing spawn area: 0%
[17:42:37] [Worker-Main-2/INFO]: Preparing spawn area: 1%
[17:42:37] [Worker-Main-2/INFO]: Preparing spawn area: 1%
[17:42:38] [Worker-Main-2/INFO]: Preparing spawn area: 1%
[17:42:39] [Worker-Main-2/INFO]: Preparing spawn area: 1%
[17:42:39] [Worker-Main-2/INFO]: Preparing spawn area: 1%
[17:42:39] [Worker-Main-2/INFO]: Preparing spawn area: 1%
[17:42:40] [Worker-Main-2/INFO]: Preparing spawn area: 3%
[17:42:40] [Worker-Main-2/INFO]: Preparing spawn area: 6%
[17:42:41] [Worker-Main-2/INFO]: Preparing spawn area: 8%
[17:42:41] [Worker-Main-2/INFO]: Preparing spawn area: 12%
[17:42:42] [Worker-Main-2/INFO]: Preparing spawn area: 16%
[17:42:42] [Worker-Main-2/INFO]: Preparing spawn area: 21%
[17:42:43] [Worker-Main-2/INFO]: Preparing spawn area: 27%
[17:42:43] [Worker-Main-2/INFO]: Preparing spawn area: 30%
[17:42:44] [Worker-Main-2/INFO]: Preparing spawn area: 37%
[17:42:44] [Worker-Main-2/INFO]: Preparing spawn area: 37%
[17:42:45] [Worker-Main-2/INFO]: Preparing spawn area: 37%
[17:42:45] [Worker-Main-2/INFO]: Preparing spawn area: 37%
[17:42:46] [Worker-Main-2/INFO]: Preparing spawn area: 37%
[17:42:46] [Worker-Main-2/INFO]: Preparing spawn area: 38%
[17:42:47] [Worker-Main-2/INFO]: Preparing spawn area: 68%
[17:42:47] [Worker-Main-2/INFO]: Preparing spawn area: 70%
[17:42:48] [Worker-Main-2/INFO]: Preparing spawn area: 75%
[17:42:48] [Worker-Main-2/INFO]: Preparing spawn area: 82%
[17:42:49] [Worker-Main-2/INFO]: Preparing spawn area: 85%
[17:42:49] [Worker-Main-2/INFO]: Preparing spawn area: 89%
[17:42:50] [Worker-Main-2/INFO]: Preparing spawn area: 92%
[17:42:51] [Server thread/INFO]: Time elapsed: 21937 ms
[17:42:51] [Server thread/INFO]: Done (22.133s)! For help, type "help"
[17:42:51] [Server thread/INFO]: Starting remote control listener
[17:42:51] [Server thread/INFO]: Thread RCON Listener started
[17:42:51] [Server thread/INFO]: RCON running on 0.0.0.0:25575
[18:09:29] [User Authenticator #1/INFO]: UUID of player Ewan0608 is 7599738f-96b4-4c39-a3c9-766304e56fd2
[18:09:29] [Server thread/INFO]: Ewan0608[/151.230.172.158:61296] logged in with entity id 143 at (-1956.5681724902843, 63.0, 468.561507587506)
[18:09:29] [Server thread/INFO]: Ewan0608 joined the game
[18:09:32] [Server thread/WARN]: Can't keep up! Is the server overloaded? Running 3404ms or 68 ticks behind
[18:09:33] [User Authenticator #2/INFO]: UUID of player Aidybobs is 13947ee2-2c25-4247-a3dd-98ff0a5c24b7
[18:09:33] [Server thread/INFO]: Aidybobs[/82.16.249.221:60192] logged in with entity id 201 at (79.8199933092536, 70.0, -36.517043479664125)
[18:09:33] [Server thread/INFO]: Aidybobs joined the game
[18:09:36] [Server thread/INFO]: Aidybobs lost connection: Disconnected
[18:09:36] [Server thread/INFO]: Aidybobs left the game
[18:15:31] [Server thread/INFO]: Ewan0608 lost connection: Disconnected
[18:15:31] [Server thread/INFO]: Ewan0608 left the game
